<?xml version="1.0" encoding="UTF-8"?>
<testsuite xmlns:xsi="http://www.w3.org/2001/XMLSchema-instance" xsi:noNamespaceSchemaLocation="https://maven.apache.org/surefire/maven-surefire-plugin/xsd/surefire-test-report-3.0.xsd" version="3.0" name="InjectedTest" time="11.579" tests="4" errors="0" skipped="0" failures="0">
  <properties>
    <property name="java.specification.version" value="17"/>
    <property name="sun.jnu.encoding" value="UTF-8"/>
    <property name="java.class.path" value="/Users/matt/jenkins/jenkins-plugins/target/test-classes:/Users/matt/jenkins/jenkins-plugins/target/classes:/Users/matt/.m2/repository/org/jenkins-ci/plugins/credentials/2.3.15/credentials-2.3.15.jar:/Users/matt/.m2/repository/org/antlr/antlr4-runtime/4.13.0/antlr4-runtime-4.13.0.jar:/Users/matt/.m2/repository/org/jenkins-ci/plugins/plain-credentials/1.7/plain-credentials-1.7.jar:/Users/matt/.m2/repository/org/jenkins-ci/plugins/structs/337.v1b_04ea_4df7c8/structs-337.v1b_04ea_4df7c8.jar:/Users/matt/.m2/repository/org/jenkins-ci/plugins/workflow/workflow-basic-steps/1049.v257a_e6b_30fb_d/workflow-basic-steps-1049.v257a_e6b_30fb_d.jar:/Users/matt/.m2/repository/io/jenkins/plugins/jakarta-mail-api/2.1.3-1/jakarta-mail-api-2.1.3-1.jar:/Users/matt/.m2/repository/io/jenkins/plugins/jakarta-activation-api/2.1.3-1/jakarta-activation-api-2.1.3-1.jar:/Users/matt/.m2/repository/jakarta/activation/jakarta.activation-api/2.1.3/jakarta.activation-api-2.1.3.jar:/Users/matt/.m2/repository/org/eclipse/angus/angus-activation/2.0.2/angus-activation-2.0.2.jar:/Users/matt/.m2/repository/jakarta/mail/jakarta.mail-api/2.1.3/jakarta.mail-api-2.1.3.jar:/Users/matt/.m2/repository/org/eclipse/angus/angus-mail/2.0.3/angus-mail-2.0.3.jar:/Users/matt/.m2/repository/org/jenkins-ci/plugins/workflow/workflow-step-api/657.v03b_e8115821b_/workflow-step-api-657.v03b_e8115821b_.jar:/Users/matt/.m2/repository/org/jenkins-ci/plugins/mailer/470.vc91f60c5d8e2/mailer-470.vc91f60c5d8e2.jar:/Users/matt/.m2/repository/org/jenkins-ci/plugins/display-url-api/2.200.vb_9327d658781/display-url-api-2.200.vb_9327d658781.jar:/Users/matt/.m2/repository/org/jenkins-ci/modules/instance-identity/185.v303dc7c645f9/instance-identity-185.v303dc7c645f9.jar:/Users/matt/.m2/repository/org/jenkins-ci/plugins/bouncycastle-api/2.30.1.77-225.v26ea_c9455fd9/bouncycastle-api-2.30.1.77-225.v26ea_c9455fd9.jar:/Users/matt/.m2/repository/org/bouncycastle/bcpkix-jdk18on/1.77/bcpkix-jdk18on-1.77.jar:/Users/matt/.m2/repository/org/bouncycastle/bcprov-jdk18on/1.77/bcprov-jdk18on-1.77.jar:/Users/matt/.m2/repository/org/bouncycastle/bcutil-jdk18on/1.77/bcutil-jdk18on-1.77.jar:/Users/matt/.m2/repository/org/jenkins-ci/plugins/workflow/workflow-api/1291.v51fd2a_625da_7/workflow-api-1291.v51fd2a_625da_7.jar:/Users/matt/.m2/repository/org/jenkins-ci/plugins/apache-httpcomponents-client-4-api/4.5.14-208.v438351942757/apache-httpcomponents-client-4-api-4.5.14-208.v438351942757.jar:/Users/matt/.m2/repository/org/apache/httpcomponents/fluent-hc/4.5.14/fluent-hc-4.5.14.jar:/Users/matt/.m2/repository/org/apache/httpcomponents/httpasyncclient/4.1.5/httpasyncclient-4.1.5.jar:/Users/matt/.m2/repository/org/apache/httpcomponents/httpasyncclient-cache/4.1.5/httpasyncclient-cache-4.1.5.jar:/Users/matt/.m2/repository/org/apache/httpcomponents/httpclient/4.5.14/httpclient-4.5.14.jar:/Users/matt/.m2/repository/org/apache/httpcomponents/httpclient-cache/4.5.14/httpclient-cache-4.5.14.jar:/Users/matt/.m2/repository/org/apache/httpcomponents/httpcore/4.4.16/httpcore-4.4.16.jar:/Users/matt/.m2/repository/org/apache/httpcomponents/httpcore-nio/4.4.16/httpcore-nio-4.4.16.jar:/Users/matt/.m2/repository/org/apache/httpcomponents/httpmime/4.5.14/httpmime-4.5.14.jar:/Users/matt/.m2/repository/org/jenkins-ci/plugins/workflow/workflow-cps/3883.vb_3ff2a_e3eea_f/workflow-cps-3883.vb_3ff2a_e3eea_f.jar:/Users/matt/.m2/repository/io/jenkins/plugins/ionicons-api/56.v1b_1c8c49374e/ionicons-api-56.v1b_1c8c49374e.jar:/Users/matt/.m2/repository/org/jenkins-ci/plugins/workflow/workflow-support/865.v43e78cc44e0d/workflow-support-865.v43e78cc44e0d.jar:/Users/matt/.m2/repository/io/jenkins/plugins/caffeine-api/3.1.8-133.v17b_1ff2e0599/caffeine-api-3.1.8-133.v17b_1ff2e0599.jar:/Users/matt/.m2/repository/com/github/ben-manes/caffeine/caffeine/3.1.8/caffeine-3.1.8.jar:/Users/matt/.m2/repository/org/jboss/marshalling/jboss-marshalling-river/2.1.2.Final/jboss-marshalling-river-2.1.2.Final.jar:/Users/matt/.m2/repository/org/jboss/marshalling/jboss-marshalling/2.1.2.Final/jboss-marshalling-2.1.2.Final.jar:/Users/matt/.m2/repository/org/jenkins-ci/plugins/workflow/workflow-scm-step/415.v434365564324/workflow-scm-step-415.v434365564324.jar:/Users/matt/.m2/repository/org/jenkins-ci/plugins/script-security/1326.vdb_c154de8669/script-security-1326.vdb_c154de8669.jar:/Users/matt/.m2/repository/org/kohsuke/groovy-sandbox/1.33/groovy-sandbox-1.33.jar:/Users/matt/.m2/repository/org/jenkins-ci/plugins/scm-api/676.v886669a_199a_a_/scm-api-676.v886669a_199a_a_.jar:/Users/matt/.m2/repository/com/cloudbees/groovy-cps/3883.vb_3ff2a_e3eea_f/groovy-cps-3883.vb_3ff2a_e3eea_f.jar:/Users/matt/.m2/repository/com/cloudbees/diff4j/1.3/diff4j-1.3.jar:/Users/matt/.m2/repository/org/jenkins-ci/plugins/workflow/workflow-durable-task-step/1331.vc8c2fed35334/workflow-durable-task-step-1331.vc8c2fed35334.jar:/Users/matt/.m2/repository/org/jenkins-ci/plugins/durable-task/550.v0930093c4b_a_6/durable-task-550.v0930093c4b_a_6.jar:/Users/matt/.m2/repository/io/jenkins/plugins/lib-durable-task/43.v0b_d629cd2b_0c/lib-durable-task-43.v0b_d629cd2b_0c.jar:/Users/matt/.m2/repository/org/jenkins-ci/plugins/workflow/workflow-job/1385.vb_58b_86ea_fff1/workflow-job-1385.vb_58b_86ea_fff1.jar:/Users/matt/.m2/repository/org/jenkins-ci/main/jenkins-core/2.414.3/jenkins-core-2.414.3.jar:/Users/matt/.m2/repository/org/jenkins-ci/main/cli/2.414.3/cli-2.414.3.jar:/Users/matt/.m2/repository/org/jenkins-ci/main/remoting/3131.vf2b_b_798b_ce99/remoting-3131.vf2b_b_798b_ce99.jar:/Users/matt/.m2/repository/args4j/args4j/2.33/args4j-2.33.jar:/Users/matt/.m2/repository/com/github/spotbugs/spotbugs-annotations/4.7.3/spotbugs-annotations-4.7.3.jar:/Users/matt/.m2/repository/com/google/guava/guava/32.1.1-jre/guava-32.1.1-jre.jar:/Users/matt/.m2/repository/com/google/guava/failureaccess/1.0.1/failureaccess-1.0.1.jar:/Users/matt/.m2/repository/com/google/guava/listenablefuture/9999.0-empty-to-avoid-conflict-with-guava/listenablefuture-9999.0-empty-to-avoid-conflict-with-guava.jar:/Users/matt/.m2/repository/com/google/code/findbugs/jsr305/3.0.1/jsr305-3.0.1.jar:/Users/matt/.m2/repository/com/google/inject/guice/6.0.0/guice-6.0.0.jar:/Users/matt/.m2/repository/javax/inject/javax.inject/1/javax.inject-1.jar:/Users/matt/.m2/repository/jakarta/inject/jakarta.inject-api/2.0.1/jakarta.inject-api-2.0.1.jar:/Users/matt/.m2/repository/com/infradna/tool/bridge-method-annotation/1.27/bridge-method-annotation-1.27.jar:/Users/matt/.m2/repository/com/jcraft/jzlib/1.1.3-kohsuke-1/jzlib-1.1.3-kohsuke-1.jar:/Users/matt/.m2/repository/com/sun/solaris/embedded_su4j/1.1/embedded_su4j-1.1.jar:/Users/matt/.m2/repository/com/sun/xml/txw2/txw2/20110809/txw2-20110809.jar:/Users/matt/.m2/repository/relaxngDatatype/relaxngDatatype/20020414/relaxngDatatype-20020414.jar:/Users/matt/.m2/repository/com/thoughtworks/xstream/xstream/1.4.20/xstream-1.4.20.jar:/Users/matt/.m2/repository/io/github/x-stream/mxparser/1.2.2/mxparser-1.2.2.jar:/Users/matt/.m2/repository/commons-beanutils/commons-beanutils/1.9.4/commons-beanutils-1.9.4.jar:/Users/matt/.m2/repository/commons-codec/commons-codec/1.16.0/commons-codec-1.16.0.jar:/Users/matt/.m2/repository/commons-collections/commons-collections/3.2.2/commons-collections-3.2.2.jar:/Users/matt/.m2/repository/commons-fileupload/commons-fileupload/1.5/commons-fileupload-1.5.jar:/Users/matt/.m2/repository/commons-io/commons-io/2.13.0/commons-io-2.13.0.jar:/Users/matt/.m2/repository/commons-jelly/commons-jelly-tags-fmt/1.0/commons-jelly-tags-fmt-1.0.jar:/Users/matt/.m2/repository/commons-jelly/commons-jelly-tags-xml/1.1/commons-jelly-tags-xml-1.1.jar:/Users/matt/.m2/repository/commons-lang/commons-lang/2.6/commons-lang-2.6.jar:/Users/matt/.m2/repository/io/jenkins/stapler/jenkins-stapler-support/1.1/jenkins-stapler-support-1.1.jar:/Users/matt/.m2/repository/jakarta/servlet/jsp/jstl/jakarta.servlet.jsp.jstl-api/1.2.7/jakarta.servlet.jsp.jstl-api-1.2.7.jar:/Users/matt/.m2/repository/jaxen/jaxen/2.0.0/jaxen-2.0.0.jar:/Users/matt/.m2/repository/jline/jline/2.14.6/jline-2.14.6.jar:/Users/matt/.m2/repository/net/java/dev/jna/jna/5.13.0/jna-5.13.0.jar:/Users/matt/.m2/repository/net/java/sezpoz/sezpoz/1.13/sezpoz-1.13.jar:/Users/matt/.m2/repository/net/jcip/jcip-annotations/1.0/jcip-annotations-1.0.jar:/Users/matt/.m2/repository/net/sf/kxml/kxml2/2.3.0/kxml2-2.3.0.jar:/Users/matt/.m2/repository/org/apache/ant/ant/1.10.13/ant-1.10.13.jar:/Users/matt/.m2/repository/org/apache/ant/ant-launcher/1.10.13/ant-launcher-1.10.13.jar:/Users/matt/.m2/repository/org/apache/commons/commons-compress/1.24.0/commons-compress-1.24.0.jar:/Users/matt/.m2/repository/org/codehaus/groovy/groovy-all/2.4.21/groovy-all-2.4.21.jar:/Users/matt/.m2/repository/org/connectbot/jbcrypt/jbcrypt/1.0.0/jbcrypt-1.0.0.jar:/Users/matt/.m2/repository/org/fusesource/jansi/jansi/1.11/jansi-1.11.jar:/Users/matt/.m2/repository/org/jenkins-ci/annotation-indexer/1.17/annotation-indexer-1.17.jar:/Users/matt/.m2/repository/org/jenkins-ci/commons-jexl/1.1-jenkins-20111212/commons-jexl-1.1-jenkins-20111212.jar:/Users/matt/.m2/repository/org/jenkins-ci/crypto-util/1.9/crypto-util-1.9.jar:/Users/matt/.m2/repository/org/jenkins-ci/memory-monitor/1.12/memory-monitor-1.12.jar:/Users/matt/.m2/repository/org/jenkins-ci/symbol-annotation/1.24/symbol-annotation-1.24.jar:/Users/matt/.m2/repository/org/jenkins-ci/task-reactor/1.8/task-reactor-1.8.jar:/Users/matt/.m2/repository/org/jenkins-ci/version-number/1.11/version-number-1.11.jar:/Users/matt/.m2/repository/org/jenkins-ci/main/websocket-spi/2.414.3/websocket-spi-2.414.3.jar:/Users/matt/.m2/repository/org/jfree/jfreechart/1.0.19/jfreechart-1.0.19.jar:/Users/matt/.m2/repository/org/jfree/jcommon/1.0.23/jcommon-1.0.23.jar:/Users/matt/.m2/repository/org/jvnet/hudson/commons-jelly-tags-define/1.1-jenkins-20230124/commons-jelly-tags-define-1.1-jenkins-20230124.jar:/Users/matt/.m2/repository/org/jenkins-ci/commons-jelly/1.1-jenkins-20230124/commons-jelly-1.1-jenkins-20230124.jar:/Users/matt/.m2/repository/org/jvnet/localizer/localizer/1.31/localizer-1.31.jar:/Users/matt/.m2/repository/org/jvnet/robust-http-client/robust-http-client/1.2/robust-http-client-1.2.jar:/Users/matt/.m2/repository/org/jvnet/winp/winp/1.30/winp-1.30.jar:/Users/matt/.m2/repository/org/kohsuke/access-modifier-annotation/1.32/access-modifier-annotation-1.32.jar:/Users/matt/.m2/repository/org/kohsuke/windows-package-checker/1.2/windows-package-checker-1.2.jar:/Users/matt/.m2/repository/org/kohsuke/jinterop/j-interop/2.0.8-kohsuke-1/j-interop-2.0.8-kohsuke-1.jar:/Users/matt/.m2/repository/org/kohsuke/jinterop/j-interopdeps/2.0.8-kohsuke-1/j-interopdeps-2.0.8-kohsuke-1.jar:/Users/matt/.m2/repository/org/samba/jcifs/jcifs/1.3.18-kohsuke-1/jcifs-1.3.18-kohsuke-1.jar:/Users/matt/.m2/repository/org/kohsuke/stapler/json-lib/2.4-jenkins-3/json-lib-2.4-jenkins-3.jar:/Users/matt/.m2/repository/net/sf/ezmorph/ezmorph/1.0.6/ezmorph-1.0.6.jar:/Users/matt/.m2/repository/org/kohsuke/stapler/stapler/1785.1787.v44b_5610a_7c4a_/stapler-1785.1787.v44b_5610a_7c4a_.jar:/Users/matt/.m2/repository/commons-discovery/commons-discovery/0.5/commons-discovery-0.5.jar:/Users/matt/.m2/repository/jakarta/annotation/jakarta.annotation-api/2.1.1/jakarta.annotation-api-2.1.1.jar:/Users/matt/.m2/repository/javax/annotation/javax.annotation-api/1.3.2/javax.annotation-api-1.3.2.jar:/Users/matt/.m2/repository/org/jvnet/tiger-types/2.2/tiger-types-2.2.jar:/Users/matt/.m2/repository/org/kohsuke/stapler/stapler-adjunct-codemirror/1.3/stapler-adjunct-codemirror-1.3.jar:/Users/matt/.m2/repository/org/kohsuke/stapler/stapler-adjunct-timeline/1.5/stapler-adjunct-timeline-1.5.jar:/Users/matt/.m2/repository/org/kohsuke/stapler/stapler-groovy/1785.1787.v44b_5610a_7c4a_/stapler-groovy-1785.1787.v44b_5610a_7c4a_.jar:/Users/matt/.m2/repository/org/kohsuke/stapler/stapler-jelly/1785.1787.v44b_5610a_7c4a_/stapler-jelly-1785.1787.v44b_5610a_7c4a_.jar:/Users/matt/.m2/repository/org/dom4j/dom4j/2.1.4/dom4j-2.1.4.jar:/Users/matt/.m2/repository/org/ow2/asm/asm/9.5/asm-9.5.jar:/Users/matt/.m2/repository/org/ow2/asm/asm-analysis/9.5/asm-analysis-9.5.jar:/Users/matt/.m2/repository/org/ow2/asm/asm-commons/9.5/asm-commons-9.5.jar:/Users/matt/.m2/repository/org/ow2/asm/asm-tree/9.5/asm-tree-9.5.jar:/Users/matt/.m2/repository/org/ow2/asm/asm-util/9.5/asm-util-9.5.jar:/Users/matt/.m2/repository/org/slf4j/jcl-over-slf4j/2.0.7/jcl-over-slf4j-2.0.7.jar:/Users/matt/.m2/repository/org/slf4j/slf4j-api/2.0.7/slf4j-api-2.0.7.jar:/Users/matt/.m2/repository/org/slf4j/log4j-over-slf4j/2.0.7/log4j-over-slf4j-2.0.7.jar:/Users/matt/.m2/repository/org/springframework/security/spring-security-web/5.8.4/spring-security-web-5.8.4.jar:/Users/matt/.m2/repository/org/springframework/security/spring-security-core/5.8.4/spring-security-core-5.8.4.jar:/Users/matt/.m2/repository/org/springframework/security/spring-security-crypto/5.8.4/spring-security-crypto-5.8.4.jar:/Users/matt/.m2/repository/org/springframework/spring-core/5.3.28/spring-core-5.3.28.jar:/Users/matt/.m2/repository/org/springframework/spring-aop/5.3.28/spring-aop-5.3.28.jar:/Users/matt/.m2/repository/org/springframework/spring-beans/5.3.28/spring-beans-5.3.28.jar:/Users/matt/.m2/repository/org/springframework/spring-context/5.3.28/spring-context-5.3.28.jar:/Users/matt/.m2/repository/org/springframework/spring-expression/5.3.28/spring-expression-5.3.28.jar:/Users/matt/.m2/repository/org/springframework/spring-web/5.3.28/spring-web-5.3.28.jar:/Users/matt/.m2/repository/xpp3/xpp3/1.1.4c/xpp3-1.1.4c.jar:/Users/matt/.m2/repository/org/jenkins-ci/main/jenkins-war/2.414.3/jenkins-war-2.414.3.war:/Users/matt/.m2/repository/org/jenkins-ci/main/websocket-jetty10/2.414.3/websocket-jetty10-2.414.3.jar:/Users/matt/.m2/repository/org/slf4j/slf4j-jdk14/2.0.7/slf4j-jdk14-2.0.7.jar:/Users/matt/.m2/repository/jakarta/servlet/jakarta.servlet-api/4.0.4/jakarta.servlet-api-4.0.4.jar:/Users/matt/.m2/repository/commons-logging/commons-logging/1.2/commons-logging-1.2.jar:/Users/matt/.m2/repository/org/jenkins-ci/main/jenkins-test-harness/2174.v111a_b_471784f/jenkins-test-harness-2174.v111a_b_471784f.jar:/Users/matt/.m2/repository/io/jenkins/lib/support-log-formatter/1.2/support-log-formatter-1.2.jar:/Users/matt/.m2/repository/junit/junit/4.13.2/junit-4.13.2.jar:/Users/matt/.m2/repository/org/hamcrest/hamcrest-core/2.2/hamcrest-core-2.2.jar:/Users/matt/.m2/repository/org/eclipse/jetty/jetty-security/10.0.20/jetty-security-10.0.20.jar:/Users/matt/.m2/repository/org/eclipse/jetty/jetty-server/10.0.20/jetty-server-10.0.20.jar:/Users/matt/.m2/repository/org/eclipse/jetty/jetty-http/10.0.20/jetty-http-10.0.20.jar:/Users/matt/.m2/repository/org/eclipse/jetty/jetty-io/10.0.20/jetty-io-10.0.20.jar:/Users/matt/.m2/repository/org/eclipse/jetty/jetty-webapp/10.0.20/jetty-webapp-10.0.20.jar:/Users/matt/.m2/repository/org/eclipse/jetty/jetty-servlet/10.0.20/jetty-servlet-10.0.20.jar:/Users/matt/.m2/repository/org/eclipse/jetty/jetty-xml/10.0.20/jetty-xml-10.0.20.jar:/Users/matt/.m2/repository/org/eclipse/jetty/jetty-util/10.0.20/jetty-util-10.0.20.jar:/Users/matt/.m2/repository/org/eclipse/jetty/websocket/websocket-jetty-server/10.0.20/websocket-jetty-server-10.0.20.jar:/Users/matt/.m2/repository/org/eclipse/jetty/toolchain/jetty-servlet-api/4.0.6/jetty-servlet-api-4.0.6.jar:/Users/matt/.m2/repository/org/eclipse/jetty/websocket/websocket-jetty-api/10.0.20/websocket-jetty-api-10.0.20.jar:/Users/matt/.m2/repository/org/eclipse/jetty/websocket/websocket-jetty-common/10.0.20/websocket-jetty-common-10.0.20.jar:/Users/matt/.m2/repository/org/eclipse/jetty/websocket/websocket-core-common/10.0.20/websocket-core-common-10.0.20.jar:/Users/matt/.m2/repository/org/eclipse/jetty/websocket/websocket-servlet/10.0.20/websocket-servlet-10.0.20.jar:/Users/matt/.m2/repository/org/eclipse/jetty/websocket/websocket-core-server/10.0.20/websocket-core-server-10.0.20.jar:/Users/matt/.m2/repository/org/hamcrest/hamcrest/2.2/hamcrest-2.2.jar:/Users/matt/.m2/repository/org/jenkins-ci/main/jenkins-test-harness-htmlunit/164.v87e5a_1809c10/jenkins-test-harness-htmlunit-164.v87e5a_1809c10.jar:/Users/matt/.m2/repository/org/junit/jupiter/junit-jupiter-api/5.10.2/junit-jupiter-api-5.10.2.jar:/Users/matt/.m2/repository/org/opentest4j/opentest4j/1.3.0/opentest4j-1.3.0.jar:/Users/matt/.m2/repository/org/junit/platform/junit-platform-commons/1.10.2/junit-platform-commons-1.10.2.jar:/Users/matt/.m2/repository/org/netbeans/modules/org-netbeans-insane/RELEASE200/org-netbeans-insane-RELEASE200.jar:/Users/matt/.m2/repository/org/openjdk/jmh/jmh-core/1.37/jmh-core-1.37.jar:/Users/matt/.m2/repository/net/sf/jopt-simple/jopt-simple/5.0.4/jopt-simple-5.0.4.jar:/Users/matt/.m2/repository/org/apache/commons/commons-math3/3.6.1/commons-math3-3.6.1.jar:/Users/matt/.m2/repository/org/openjdk/jmh/jmh-generator-annprocess/1.37/jmh-generator-annprocess-1.37.jar:/Users/matt/.m2/repository/org/jenkins-ci/test-annotations/1.4/test-annotations-1.4.jar:/Users/matt/.m2/repository/org/junit/jupiter/junit-jupiter/5.10.2/junit-jupiter-5.10.2.jar:/Users/matt/.m2/repository/org/junit/jupiter/junit-jupiter-params/5.10.2/junit-jupiter-params-5.10.2.jar:/Users/matt/.m2/repository/org/junit/jupiter/junit-jupiter-engine/5.10.2/junit-jupiter-engine-5.10.2.jar:/Users/matt/.m2/repository/org/junit/vintage/junit-vintage-engine/5.10.2/junit-vintage-engine-5.10.2.jar:/Users/matt/.m2/repository/org/junit/platform/junit-platform-engine/1.10.2/junit-platform-engine-1.10.2.jar:/Users/matt/.m2/repository/org/apiguardian/apiguardian-api/1.1.2/apiguardian-api-1.1.2.jar:"/>
    <property name="java.vm.vendor" value="Eclipse Adoptium"/>
    <property name="sun.arch.data.model" value="64"/>
    <property name="sun.font.fontmanager" value="sun.font.CFontManager"/>
    <property name="java.vendor.url" value="https://adoptium.net/"/>
    <property name="user.timezone" value="America/Los_Angeles"/>
    <property name="os.name" value="Mac OS X"/>
    <property name="java.vm.specification.version" value="17"/>
    <property name="user.country" value="US"/>
    <property name="sun.java.launcher" value="SUN_STANDARD"/>
    <property name="sun.boot.library.path" value="/Users/matt/.sdkman/candidates/java/17.0.9-tem/lib"/>
    <property name="sun.java.command" value="/Users/matt/jenkins/jenkins-plugins/target/surefire/surefirebooter-20240403114029005_3.jar /Users/matt/jenkins/jenkins-plugins/target/surefire 2024-04-03T11-40-27_879-jvmRun1 surefire-20240403114029005_1tmp surefire_0-20240403114029005_2tmp"/>
    <property name="http.nonProxyHosts" value="local|*.local|169.254/16|*.169.254/16"/>
    <property name="jdk.debug" value="release"/>
    <property name="surefire.test.class.path" value="/Users/matt/jenkins/jenkins-plugins/target/test-classes:/Users/matt/jenkins/jenkins-plugins/target/classes:/Users/matt/.m2/repository/org/jenkins-ci/plugins/credentials/2.3.15/credentials-2.3.15.jar:/Users/matt/.m2/repository/org/antlr/antlr4-runtime/4.13.0/antlr4-runtime-4.13.0.jar:/Users/matt/.m2/repository/org/jenkins-ci/plugins/plain-credentials/1.7/plain-credentials-1.7.jar:/Users/matt/.m2/repository/org/jenkins-ci/plugins/structs/337.v1b_04ea_4df7c8/structs-337.v1b_04ea_4df7c8.jar:/Users/matt/.m2/repository/org/jenkins-ci/plugins/workflow/workflow-basic-steps/1049.v257a_e6b_30fb_d/workflow-basic-steps-1049.v257a_e6b_30fb_d.jar:/Users/matt/.m2/repository/io/jenkins/plugins/jakarta-mail-api/2.1.3-1/jakarta-mail-api-2.1.3-1.jar:/Users/matt/.m2/repository/io/jenkins/plugins/jakarta-activation-api/2.1.3-1/jakarta-activation-api-2.1.3-1.jar:/Users/matt/.m2/repository/jakarta/activation/jakarta.activation-api/2.1.3/jakarta.activation-api-2.1.3.jar:/Users/matt/.m2/repository/org/eclipse/angus/angus-activation/2.0.2/angus-activation-2.0.2.jar:/Users/matt/.m2/repository/jakarta/mail/jakarta.mail-api/2.1.3/jakarta.mail-api-2.1.3.jar:/Users/matt/.m2/repository/org/eclipse/angus/angus-mail/2.0.3/angus-mail-2.0.3.jar:/Users/matt/.m2/repository/org/jenkins-ci/plugins/workflow/workflow-step-api/657.v03b_e8115821b_/workflow-step-api-657.v03b_e8115821b_.jar:/Users/matt/.m2/repository/org/jenkins-ci/plugins/mailer/470.vc91f60c5d8e2/mailer-470.vc91f60c5d8e2.jar:/Users/matt/.m2/repository/org/jenkins-ci/plugins/display-url-api/2.200.vb_9327d658781/display-url-api-2.200.vb_9327d658781.jar:/Users/matt/.m2/repository/org/jenkins-ci/modules/instance-identity/185.v303dc7c645f9/instance-identity-185.v303dc7c645f9.jar:/Users/matt/.m2/repository/org/jenkins-ci/plugins/bouncycastle-api/2.30.1.77-225.v26ea_c9455fd9/bouncycastle-api-2.30.1.77-225.v26ea_c9455fd9.jar:/Users/matt/.m2/repository/org/bouncycastle/bcpkix-jdk18on/1.77/bcpkix-jdk18on-1.77.jar:/Users/matt/.m2/repository/org/bouncycastle/bcprov-jdk18on/1.77/bcprov-jdk18on-1.77.jar:/Users/matt/.m2/repository/org/bouncycastle/bcutil-jdk18on/1.77/bcutil-jdk18on-1.77.jar:/Users/matt/.m2/repository/org/jenkins-ci/plugins/workflow/workflow-api/1291.v51fd2a_625da_7/workflow-api-1291.v51fd2a_625da_7.jar:/Users/matt/.m2/repository/org/jenkins-ci/plugins/apache-httpcomponents-client-4-api/4.5.14-208.v438351942757/apache-httpcomponents-client-4-api-4.5.14-208.v438351942757.jar:/Users/matt/.m2/repository/org/apache/httpcomponents/fluent-hc/4.5.14/fluent-hc-4.5.14.jar:/Users/matt/.m2/repository/org/apache/httpcomponents/httpasyncclient/4.1.5/httpasyncclient-4.1.5.jar:/Users/matt/.m2/repository/org/apache/httpcomponents/httpasyncclient-cache/4.1.5/httpasyncclient-cache-4.1.5.jar:/Users/matt/.m2/repository/org/apache/httpcomponents/httpclient/4.5.14/httpclient-4.5.14.jar:/Users/matt/.m2/repository/org/apache/httpcomponents/httpclient-cache/4.5.14/httpclient-cache-4.5.14.jar:/Users/matt/.m2/repository/org/apache/httpcomponents/httpcore/4.4.16/httpcore-4.4.16.jar:/Users/matt/.m2/repository/org/apache/httpcomponents/httpcore-nio/4.4.16/httpcore-nio-4.4.16.jar:/Users/matt/.m2/repository/org/apache/httpcomponents/httpmime/4.5.14/httpmime-4.5.14.jar:/Users/matt/.m2/repository/org/jenkins-ci/plugins/workflow/workflow-cps/3883.vb_3ff2a_e3eea_f/workflow-cps-3883.vb_3ff2a_e3eea_f.jar:/Users/matt/.m2/repository/io/jenkins/plugins/ionicons-api/56.v1b_1c8c49374e/ionicons-api-56.v1b_1c8c49374e.jar:/Users/matt/.m2/repository/org/jenkins-ci/plugins/workflow/workflow-support/865.v43e78cc44e0d/workflow-support-865.v43e78cc44e0d.jar:/Users/matt/.m2/repository/io/jenkins/plugins/caffeine-api/3.1.8-133.v17b_1ff2e0599/caffeine-api-3.1.8-133.v17b_1ff2e0599.jar:/Users/matt/.m2/repository/com/github/ben-manes/caffeine/caffeine/3.1.8/caffeine-3.1.8.jar:/Users/matt/.m2/repository/org/jboss/marshalling/jboss-marshalling-river/2.1.2.Final/jboss-marshalling-river-2.1.2.Final.jar:/Users/matt/.m2/repository/org/jboss/marshalling/jboss-marshalling/2.1.2.Final/jboss-marshalling-2.1.2.Final.jar:/Users/matt/.m2/repository/org/jenkins-ci/plugins/workflow/workflow-scm-step/415.v434365564324/workflow-scm-step-415.v434365564324.jar:/Users/matt/.m2/repository/org/jenkins-ci/plugins/script-security/1326.vdb_c154de8669/script-security-1326.vdb_c154de8669.jar:/Users/matt/.m2/repository/org/kohsuke/groovy-sandbox/1.33/groovy-sandbox-1.33.jar:/Users/matt/.m2/repository/org/jenkins-ci/plugins/scm-api/676.v886669a_199a_a_/scm-api-676.v886669a_199a_a_.jar:/Users/matt/.m2/repository/com/cloudbees/groovy-cps/3883.vb_3ff2a_e3eea_f/groovy-cps-3883.vb_3ff2a_e3eea_f.jar:/Users/matt/.m2/repository/com/cloudbees/diff4j/1.3/diff4j-1.3.jar:/Users/matt/.m2/repository/org/jenkins-ci/plugins/workflow/workflow-durable-task-step/1331.vc8c2fed35334/workflow-durable-task-step-1331.vc8c2fed35334.jar:/Users/matt/.m2/repository/org/jenkins-ci/plugins/durable-task/550.v0930093c4b_a_6/durable-task-550.v0930093c4b_a_6.jar:/Users/matt/.m2/repository/io/jenkins/plugins/lib-durable-task/43.v0b_d629cd2b_0c/lib-durable-task-43.v0b_d629cd2b_0c.jar:/Users/matt/.m2/repository/org/jenkins-ci/plugins/workflow/workflow-job/1385.vb_58b_86ea_fff1/workflow-job-1385.vb_58b_86ea_fff1.jar:/Users/matt/.m2/repository/org/jenkins-ci/main/jenkins-core/2.414.3/jenkins-core-2.414.3.jar:/Users/matt/.m2/repository/org/jenkins-ci/main/cli/2.414.3/cli-2.414.3.jar:/Users/matt/.m2/repository/org/jenkins-ci/main/remoting/3131.vf2b_b_798b_ce99/remoting-3131.vf2b_b_798b_ce99.jar:/Users/matt/.m2/repository/args4j/args4j/2.33/args4j-2.33.jar:/Users/matt/.m2/repository/com/github/spotbugs/spotbugs-annotations/4.7.3/spotbugs-annotations-4.7.3.jar:/Users/matt/.m2/repository/com/google/guava/guava/32.1.1-jre/guava-32.1.1-jre.jar:/Users/matt/.m2/repository/com/google/guava/failureaccess/1.0.1/failureaccess-1.0.1.jar:/Users/matt/.m2/repository/com/google/guava/listenablefuture/9999.0-empty-to-avoid-conflict-with-guava/listenablefuture-9999.0-empty-to-avoid-conflict-with-guava.jar:/Users/matt/.m2/repository/com/google/code/findbugs/jsr305/3.0.1/jsr305-3.0.1.jar:/Users/matt/.m2/repository/com/google/inject/guice/6.0.0/guice-6.0.0.jar:/Users/matt/.m2/repository/javax/inject/javax.inject/1/javax.inject-1.jar:/Users/matt/.m2/repository/jakarta/inject/jakarta.inject-api/2.0.1/jakarta.inject-api-2.0.1.jar:/Users/matt/.m2/repository/com/infradna/tool/bridge-method-annotation/1.27/bridge-method-annotation-1.27.jar:/Users/matt/.m2/repository/com/jcraft/jzlib/1.1.3-kohsuke-1/jzlib-1.1.3-kohsuke-1.jar:/Users/matt/.m2/repository/com/sun/solaris/embedded_su4j/1.1/embedded_su4j-1.1.jar:/Users/matt/.m2/repository/com/sun/xml/txw2/txw2/20110809/txw2-20110809.jar:/Users/matt/.m2/repository/relaxngDatatype/relaxngDatatype/20020414/relaxngDatatype-20020414.jar:/Users/matt/.m2/repository/com/thoughtworks/xstream/xstream/1.4.20/xstream-1.4.20.jar:/Users/matt/.m2/repository/io/github/x-stream/mxparser/1.2.2/mxparser-1.2.2.jar:/Users/matt/.m2/repository/commons-beanutils/commons-beanutils/1.9.4/commons-beanutils-1.9.4.jar:/Users/matt/.m2/repository/commons-codec/commons-codec/1.16.0/commons-codec-1.16.0.jar:/Users/matt/.m2/repository/commons-collections/commons-collections/3.2.2/commons-collections-3.2.2.jar:/Users/matt/.m2/repository/commons-fileupload/commons-fileupload/1.5/commons-fileupload-1.5.jar:/Users/matt/.m2/repository/commons-io/commons-io/2.13.0/commons-io-2.13.0.jar:/Users/matt/.m2/repository/commons-jelly/commons-jelly-tags-fmt/1.0/commons-jelly-tags-fmt-1.0.jar:/Users/matt/.m2/repository/commons-jelly/commons-jelly-tags-xml/1.1/commons-jelly-tags-xml-1.1.jar:/Users/matt/.m2/repository/commons-lang/commons-lang/2.6/commons-lang-2.6.jar:/Users/matt/.m2/repository/io/jenkins/stapler/jenkins-stapler-support/1.1/jenkins-stapler-support-1.1.jar:/Users/matt/.m2/repository/jakarta/servlet/jsp/jstl/jakarta.servlet.jsp.jstl-api/1.2.7/jakarta.servlet.jsp.jstl-api-1.2.7.jar:/Users/matt/.m2/repository/jaxen/jaxen/2.0.0/jaxen-2.0.0.jar:/Users/matt/.m2/repository/jline/jline/2.14.6/jline-2.14.6.jar:/Users/matt/.m2/repository/net/java/dev/jna/jna/5.13.0/jna-5.13.0.jar:/Users/matt/.m2/repository/net/java/sezpoz/sezpoz/1.13/sezpoz-1.13.jar:/Users/matt/.m2/repository/net/jcip/jcip-annotations/1.0/jcip-annotations-1.0.jar:/Users/matt/.m2/repository/net/sf/kxml/kxml2/2.3.0/kxml2-2.3.0.jar:/Users/matt/.m2/repository/org/apache/ant/ant/1.10.13/ant-1.10.13.jar:/Users/matt/.m2/repository/org/apache/ant/ant-launcher/1.10.13/ant-launcher-1.10.13.jar:/Users/matt/.m2/repository/org/apache/commons/commons-compress/1.24.0/commons-compress-1.24.0.jar:/Users/matt/.m2/repository/org/codehaus/groovy/groovy-all/2.4.21/groovy-all-2.4.21.jar:/Users/matt/.m2/repository/org/connectbot/jbcrypt/jbcrypt/1.0.0/jbcrypt-1.0.0.jar:/Users/matt/.m2/repository/org/fusesource/jansi/jansi/1.11/jansi-1.11.jar:/Users/matt/.m2/repository/org/jenkins-ci/annotation-indexer/1.17/annotation-indexer-1.17.jar:/Users/matt/.m2/repository/org/jenkins-ci/commons-jexl/1.1-jenkins-20111212/commons-jexl-1.1-jenkins-20111212.jar:/Users/matt/.m2/repository/org/jenkins-ci/crypto-util/1.9/crypto-util-1.9.jar:/Users/matt/.m2/repository/org/jenkins-ci/memory-monitor/1.12/memory-monitor-1.12.jar:/Users/matt/.m2/repository/org/jenkins-ci/symbol-annotation/1.24/symbol-annotation-1.24.jar:/Users/matt/.m2/repository/org/jenkins-ci/task-reactor/1.8/task-reactor-1.8.jar:/Users/matt/.m2/repository/org/jenkins-ci/version-number/1.11/version-number-1.11.jar:/Users/matt/.m2/repository/org/jenkins-ci/main/websocket-spi/2.414.3/websocket-spi-2.414.3.jar:/Users/matt/.m2/repository/org/jfree/jfreechart/1.0.19/jfreechart-1.0.19.jar:/Users/matt/.m2/repository/org/jfree/jcommon/1.0.23/jcommon-1.0.23.jar:/Users/matt/.m2/repository/org/jvnet/hudson/commons-jelly-tags-define/1.1-jenkins-20230124/commons-jelly-tags-define-1.1-jenkins-20230124.jar:/Users/matt/.m2/repository/org/jenkins-ci/commons-jelly/1.1-jenkins-20230124/commons-jelly-1.1-jenkins-20230124.jar:/Users/matt/.m2/repository/org/jvnet/localizer/localizer/1.31/localizer-1.31.jar:/Users/matt/.m2/repository/org/jvnet/robust-http-client/robust-http-client/1.2/robust-http-client-1.2.jar:/Users/matt/.m2/repository/org/jvnet/winp/winp/1.30/winp-1.30.jar:/Users/matt/.m2/repository/org/kohsuke/access-modifier-annotation/1.32/access-modifier-annotation-1.32.jar:/Users/matt/.m2/repository/org/kohsuke/windows-package-checker/1.2/windows-package-checker-1.2.jar:/Users/matt/.m2/repository/org/kohsuke/jinterop/j-interop/2.0.8-kohsuke-1/j-interop-2.0.8-kohsuke-1.jar:/Users/matt/.m2/repository/org/kohsuke/jinterop/j-interopdeps/2.0.8-kohsuke-1/j-interopdeps-2.0.8-kohsuke-1.jar:/Users/matt/.m2/repository/org/samba/jcifs/jcifs/1.3.18-kohsuke-1/jcifs-1.3.18-kohsuke-1.jar:/Users/matt/.m2/repository/org/kohsuke/stapler/json-lib/2.4-jenkins-3/json-lib-2.4-jenkins-3.jar:/Users/matt/.m2/repository/net/sf/ezmorph/ezmorph/1.0.6/ezmorph-1.0.6.jar:/Users/matt/.m2/repository/org/kohsuke/stapler/stapler/1785.1787.v44b_5610a_7c4a_/stapler-1785.1787.v44b_5610a_7c4a_.jar:/Users/matt/.m2/repository/commons-discovery/commons-discovery/0.5/commons-discovery-0.5.jar:/Users/matt/.m2/repository/jakarta/annotation/jakarta.annotation-api/2.1.1/jakarta.annotation-api-2.1.1.jar:/Users/matt/.m2/repository/javax/annotation/javax.annotation-api/1.3.2/javax.annotation-api-1.3.2.jar:/Users/matt/.m2/repository/org/jvnet/tiger-types/2.2/tiger-types-2.2.jar:/Users/matt/.m2/repository/org/kohsuke/stapler/stapler-adjunct-codemirror/1.3/stapler-adjunct-codemirror-1.3.jar:/Users/matt/.m2/repository/org/kohsuke/stapler/stapler-adjunct-timeline/1.5/stapler-adjunct-timeline-1.5.jar:/Users/matt/.m2/repository/org/kohsuke/stapler/stapler-groovy/1785.1787.v44b_5610a_7c4a_/stapler-groovy-1785.1787.v44b_5610a_7c4a_.jar:/Users/matt/.m2/repository/org/kohsuke/stapler/stapler-jelly/1785.1787.v44b_5610a_7c4a_/stapler-jelly-1785.1787.v44b_5610a_7c4a_.jar:/Users/matt/.m2/repository/org/dom4j/dom4j/2.1.4/dom4j-2.1.4.jar:/Users/matt/.m2/repository/org/ow2/asm/asm/9.5/asm-9.5.jar:/Users/matt/.m2/repository/org/ow2/asm/asm-analysis/9.5/asm-analysis-9.5.jar:/Users/matt/.m2/repository/org/ow2/asm/asm-commons/9.5/asm-commons-9.5.jar:/Users/matt/.m2/repository/org/ow2/asm/asm-tree/9.5/asm-tree-9.5.jar:/Users/matt/.m2/repository/org/ow2/asm/asm-util/9.5/asm-util-9.5.jar:/Users/matt/.m2/repository/org/slf4j/jcl-over-slf4j/2.0.7/jcl-over-slf4j-2.0.7.jar:/Users/matt/.m2/repository/org/slf4j/slf4j-api/2.0.7/slf4j-api-2.0.7.jar:/Users/matt/.m2/repository/org/slf4j/log4j-over-slf4j/2.0.7/log4j-over-slf4j-2.0.7.jar:/Users/matt/.m2/repository/org/springframework/security/spring-security-web/5.8.4/spring-security-web-5.8.4.jar:/Users/matt/.m2/repository/org/springframework/security/spring-security-core/5.8.4/spring-security-core-5.8.4.jar:/Users/matt/.m2/repository/org/springframework/security/spring-security-crypto/5.8.4/spring-security-crypto-5.8.4.jar:/Users/matt/.m2/repository/org/springframework/spring-core/5.3.28/spring-core-5.3.28.jar:/Users/matt/.m2/repository/org/springframework/spring-aop/5.3.28/spring-aop-5.3.28.jar:/Users/matt/.m2/repository/org/springframework/spring-beans/5.3.28/spring-beans-5.3.28.jar:/Users/matt/.m2/repository/org/springframework/spring-context/5.3.28/spring-context-5.3.28.jar:/Users/matt/.m2/repository/org/springframework/spring-expression/5.3.28/spring-expression-5.3.28.jar:/Users/matt/.m2/repository/org/springframework/spring-web/5.3.28/spring-web-5.3.28.jar:/Users/matt/.m2/repository/xpp3/xpp3/1.1.4c/xpp3-1.1.4c.jar:/Users/matt/.m2/repository/org/jenkins-ci/main/jenkins-war/2.414.3/jenkins-war-2.414.3.war:/Users/matt/.m2/repository/org/jenkins-ci/main/websocket-jetty10/2.414.3/websocket-jetty10-2.414.3.jar:/Users/matt/.m2/repository/org/slf4j/slf4j-jdk14/2.0.7/slf4j-jdk14-2.0.7.jar:/Users/matt/.m2/repository/jakarta/servlet/jakarta.servlet-api/4.0.4/jakarta.servlet-api-4.0.4.jar:/Users/matt/.m2/repository/commons-logging/commons-logging/1.2/commons-logging-1.2.jar:/Users/matt/.m2/repository/org/jenkins-ci/main/jenkins-test-harness/2174.v111a_b_471784f/jenkins-test-harness-2174.v111a_b_471784f.jar:/Users/matt/.m2/repository/io/jenkins/lib/support-log-formatter/1.2/support-log-formatter-1.2.jar:/Users/matt/.m2/repository/junit/junit/4.13.2/junit-4.13.2.jar:/Users/matt/.m2/repository/org/hamcrest/hamcrest-core/2.2/hamcrest-core-2.2.jar:/Users/matt/.m2/repository/org/eclipse/jetty/jetty-security/10.0.20/jetty-security-10.0.20.jar:/Users/matt/.m2/repository/org/eclipse/jetty/jetty-server/10.0.20/jetty-server-10.0.20.jar:/Users/matt/.m2/repository/org/eclipse/jetty/jetty-http/10.0.20/jetty-http-10.0.20.jar:/Users/matt/.m2/repository/org/eclipse/jetty/jetty-io/10.0.20/jetty-io-10.0.20.jar:/Users/matt/.m2/repository/org/eclipse/jetty/jetty-webapp/10.0.20/jetty-webapp-10.0.20.jar:/Users/matt/.m2/repository/org/eclipse/jetty/jetty-servlet/10.0.20/jetty-servlet-10.0.20.jar:/Users/matt/.m2/repository/org/eclipse/jetty/jetty-xml/10.0.20/jetty-xml-10.0.20.jar:/Users/matt/.m2/repository/org/eclipse/jetty/jetty-util/10.0.20/jetty-util-10.0.20.jar:/Users/matt/.m2/repository/org/eclipse/jetty/websocket/websocket-jetty-server/10.0.20/websocket-jetty-server-10.0.20.jar:/Users/matt/.m2/repository/org/eclipse/jetty/toolchain/jetty-servlet-api/4.0.6/jetty-servlet-api-4.0.6.jar:/Users/matt/.m2/repository/org/eclipse/jetty/websocket/websocket-jetty-api/10.0.20/websocket-jetty-api-10.0.20.jar:/Users/matt/.m2/repository/org/eclipse/jetty/websocket/websocket-jetty-common/10.0.20/websocket-jetty-common-10.0.20.jar:/Users/matt/.m2/repository/org/eclipse/jetty/websocket/websocket-core-common/10.0.20/websocket-core-common-10.0.20.jar:/Users/matt/.m2/repository/org/eclipse/jetty/websocket/websocket-servlet/10.0.20/websocket-servlet-10.0.20.jar:/Users/matt/.m2/repository/org/eclipse/jetty/websocket/websocket-core-server/10.0.20/websocket-core-server-10.0.20.jar:/Users/matt/.m2/repository/org/hamcrest/hamcrest/2.2/hamcrest-2.2.jar:/Users/matt/.m2/repository/org/jenkins-ci/main/jenkins-test-harness-htmlunit/164.v87e5a_1809c10/jenkins-test-harness-htmlunit-164.v87e5a_1809c10.jar:/Users/matt/.m2/repository/org/junit/jupiter/junit-jupiter-api/5.10.2/junit-jupiter-api-5.10.2.jar:/Users/matt/.m2/repository/org/opentest4j/opentest4j/1.3.0/opentest4j-1.3.0.jar:/Users/matt/.m2/repository/org/junit/platform/junit-platform-commons/1.10.2/junit-platform-commons-1.10.2.jar:/Users/matt/.m2/repository/org/netbeans/modules/org-netbeans-insane/RELEASE200/org-netbeans-insane-RELEASE200.jar:/Users/matt/.m2/repository/org/openjdk/jmh/jmh-core/1.37/jmh-core-1.37.jar:/Users/matt/.m2/repository/net/sf/jopt-simple/jopt-simple/5.0.4/jopt-simple-5.0.4.jar:/Users/matt/.m2/repository/org/apache/commons/commons-math3/3.6.1/commons-math3-3.6.1.jar:/Users/matt/.m2/repository/org/openjdk/jmh/jmh-generator-annprocess/1.37/jmh-generator-annprocess-1.37.jar:/Users/matt/.m2/repository/org/jenkins-ci/test-annotations/1.4/test-annotations-1.4.jar:/Users/matt/.m2/repository/org/junit/jupiter/junit-jupiter/5.10.2/junit-jupiter-5.10.2.jar:/Users/matt/.m2/repository/org/junit/jupiter/junit-jupiter-params/5.10.2/junit-jupiter-params-5.10.2.jar:/Users/matt/.m2/repository/org/junit/jupiter/junit-jupiter-engine/5.10.2/junit-jupiter-engine-5.10.2.jar:/Users/matt/.m2/repository/org/junit/vintage/junit-vintage-engine/5.10.2/junit-vintage-engine-5.10.2.jar:/Users/matt/.m2/repository/org/junit/platform/junit-platform-engine/1.10.2/junit-platform-engine-1.10.2.jar:/Users/matt/.m2/repository/org/apiguardian/apiguardian-api/1.1.2/apiguardian-api-1.1.2.jar:"/>
    <property name="sun.cpu.endian" value="little"/>
    <property name="mail.smtps.sendpartial" value="true"/>
    <property name="user.home" value="/Users/matt"/>
    <property name="user.language" value="en"/>
    <property name="java.specification.vendor" value="Oracle Corporation"/>
    <property name="java.version.date" value="2023-10-17"/>
    <property name="java.home" value="/Users/matt/.sdkman/candidates/java/17.0.9-tem"/>
    <property name="surefire.forkNumber" value="1"/>
    <property name="file.separator" value="/"/>
    <property name="basedir" value="/Users/matt/jenkins/jenkins-plugins"/>
    <property name="java.vm.compressedOopsMode" value="Zero based"/>
    <property name="line.separator" value="&#10;"/>
    <property name="java.vm.specification.vendor" value="Oracle Corporation"/>
    <property name="java.specification.name" value="Java Platform API Specification"/>
    <property name="java.awt.headless" value="true"/>
    <property name="org.eclipse.jetty.server.Request.maxFormContentSize" value="-1"/>
    <property name="surefire.real.class.path" value="/Users/matt/jenkins/jenkins-plugins/target/surefire/surefirebooter-20240403114029005_3.jar"/>
    <property name="sun.management.compiler" value="HotSpot 64-Bit Tiered Compilers"/>
    <property name="ftp.nonProxyHosts" value="local|*.local|169.254/16|*.169.254/16"/>
    <property name="java.runtime.version" value="17.0.9+9"/>
    <property name="user.name" value="matt"/>
    <property name="path.separator" value=":"/>
    <property name="os.version" value="14.4"/>
    <property name="java.runtime.name" value="OpenJDK Runtime Environment"/>
    <property name="file.encoding" value="UTF-8"/>
    <property name="jnidispatch.path" value="/Users/matt/Library/Caches/JNA/temp/jna1387627115283473964.tmp"/>
    <property name="java.vm.name" value="OpenJDK 64-Bit Server VM"/>
    <property name="jna.platform.library.path" value="/usr/lib:/usr/lib"/>
    <property name="java.vendor.version" value="Temurin-17.0.9+9"/>
    <property name="mail.smtp.sendpartial" value="true"/>
    <property name="localRepository" value="/Users/matt/.m2/repository"/>
    <property name="jna.loaded" value="true"/>
    <property name="java.vendor.url.bug" value="https://github.com/adoptium/adoptium-support/issues"/>
    <property name="jetty.git.hash" value="3a745c71c23682146f262b99f4ddc4c1bc41630c"/>
    <property name="java.io.tmpdir" value="/Users/matt/jenkins/jenkins-plugins/target/tmp"/>
    <property name="java.version" value="17.0.9"/>
    <property name="user.dir" value="/Users/matt/jenkins/jenkins-plugins"/>
    <property name="os.arch" value="x86_64"/>
    <property name="jenkins.model.Jenkins.SHOW_STACK_TRACE" value="true"/>
    <property name="java.vm.specification.name" value="Java Virtual Machine Specification"/>
    <property name="native.encoding" value="UTF-8"/>
    <property name="java.library.path" value="/Users/matt/Library/Java/Extensions:/Library/Java/Extensions:/Network/Library/Java/Extensions:/System/Library/Java/Extensions:/usr/lib/java:."/>
    <property name="java.vm.info" value="mixed mode, emulated-client"/>
    <property name="java.vendor" value="Eclipse Adoptium"/>
    <property name="java.vm.version" value="17.0.9+9"/>
    <property name="sun.io.unicode.encoding" value="UnicodeBig"/>
    <property name="socksNonProxyHosts" value="local|*.local|169.254/16|*.169.254/16"/>
    <property name="java.class.version" value="61.0"/>
  </properties>
  <testcase name="" classname="org.jvnet.hudson.test.JellyTestSuiteBuilder$JellyCheck" time="0.024">
    <system-out><![CDATA[Running tests for io.jenkins.plugins:dx-data-sharer:1.0-SNAPSHOT
]]></system-out>
    <system-err><![CDATA[Apr 03, 2024 11:40:30 AM org.jvnet.hudson.test.WarExploder explode
INFO: Picking up existing exploded jenkins.war at /Users/matt/jenkins/jenkins-plugins/target/jenkins-for-test
Apr 03, 2024 11:40:30 AM org.eclipse.jetty.server.handler.ContextHandler setContextPath
WARNING: Empty contextPath
Apr 03, 2024 11:40:30 AM org.eclipse.jetty.server.Server doStart
INFO: jetty-10.0.20; built: 2024-01-29T20:46:45.278Z; git: 3a745c71c23682146f262b99f4ddc4c1bc41630c; jvm 17.0.9+9
Apr 03, 2024 11:40:30 AM org.eclipse.jetty.webapp.StandardDescriptorProcessor visitServlet
INFO: NO JSP Support for /, did not find org.eclipse.jetty.jsp.JettyJspServlet
Apr 03, 2024 11:40:30 AM org.eclipse.jetty.server.session.DefaultSessionIdManager doStart
INFO: Session workerName=node0
Apr 03, 2024 11:40:30 AM org.eclipse.jetty.server.handler.ContextHandler doStart
INFO: Started o.e.j.w.WebAppContext@41fed14f{Jenkins v2.414.3,/,file:///Users/matt/jenkins/jenkins-plugins/target/jenkins-for-test/,AVAILABLE}{/Users/matt/jenkins/jenkins-plugins/target/jenkins-for-test}
Apr 03, 2024 11:40:30 AM org.eclipse.jetty.server.AbstractConnector doStart
INFO: Started ServerConnector@325bb9a6{HTTP/1.1, (http/1.1)}{localhost:53622}
Apr 03, 2024 11:40:30 AM org.eclipse.jetty.server.Server doStart
INFO: Started Server@52a70627{STARTING}[10.0.20,sto=0] @1772ms
Apr 03, 2024 11:40:31 AM jenkins.InitReactorRunner$1 onAttained
INFO: Started initialization
Apr 03, 2024 11:40:31 AM hudson.PluginManager considerDetachedPlugin
INFO: Loading a detached plugin as a dependency: /var/folders/5l/kzl7jbgs40d2gq1rk53dzfxr0000gn/T/jenkins11813967716597202983/plugins/mina-sshd-api-common.jpi
Apr 03, 2024 11:40:31 AM hudson.PluginManager considerDetachedPlugin
INFO: Loading a detached plugin as a dependency: /var/folders/5l/kzl7jbgs40d2gq1rk53dzfxr0000gn/T/jenkins11813967716597202983/plugins/mina-sshd-api-core.jpi
Apr 03, 2024 11:40:31 AM hudson.PluginManager considerDetachedPlugin
INFO: Loading a detached plugin as a dependency: /var/folders/5l/kzl7jbgs40d2gq1rk53dzfxr0000gn/T/jenkins11813967716597202983/plugins/sshd.jpi
Apr 03, 2024 11:40:31 AM hudson.PluginManager considerDetachedPlugin
INFO: Loading a detached plugin as a dependency: /var/folders/5l/kzl7jbgs40d2gq1rk53dzfxr0000gn/T/jenkins11813967716597202983/plugins/javax-activation-api.jpi
Apr 03, 2024 11:40:31 AM hudson.PluginManager considerDetachedPlugin
INFO: Loading a detached plugin as a dependency: /var/folders/5l/kzl7jbgs40d2gq1rk53dzfxr0000gn/T/jenkins11813967716597202983/plugins/javax-mail-api.jpi
Apr 03, 2024 11:40:31 AM hudson.PluginManager considerDetachedPlugin
INFO: Loading a detached plugin as a dependency: /var/folders/5l/kzl7jbgs40d2gq1rk53dzfxr0000gn/T/jenkins11813967716597202983/plugins/jaxb.jpi
Apr 03, 2024 11:40:31 AM hudson.PluginManager considerDetachedPlugin
INFO: Loading a detached plugin as a dependency: /var/folders/5l/kzl7jbgs40d2gq1rk53dzfxr0000gn/T/jenkins11813967716597202983/plugins/trilead-api.jpi
Apr 03, 2024 11:40:32 AM jenkins.InitReactorRunner$1 onAttained
INFO: Listed all plugins
Apr 03, 2024 11:40:32 AM jenkins.bouncycastle.api.BouncyCastlePlugin start
INFO: /Users/matt/jenkins/jenkins-plugins/target/tmp/j h235382240541674445/plugins/bouncycastle-api/WEB-INF/optional-lib not found; for non RealJenkinsRule this is fine and can be ignored.
Apr 03, 2024 11:40:33 AM jenkins.InitReactorRunner$1 onAttained
INFO: Prepared all plugins
Apr 03, 2024 11:40:33 AM jenkins.InitReactorRunner$1 onAttained
INFO: Started all plugins
Apr 03, 2024 11:40:33 AM jenkins.InitReactorRunner$1 onAttained
INFO: Augmented all extensions
Apr 03, 2024 11:40:34 AM jenkins.InitReactorRunner$1 onAttained
INFO: System config loaded
Apr 03, 2024 11:40:34 AM jenkins.InitReactorRunner$1 onAttained
INFO: System config adapted
Apr 03, 2024 11:40:34 AM jenkins.InitReactorRunner$1 onAttained
INFO: Loaded all jobs
Apr 03, 2024 11:40:34 AM jenkins.InitReactorRunner$1 onAttained
INFO: Configuration for all jobs updated
Apr 03, 2024 11:40:34 AM jenkins.InitReactorRunner$1 onAttained
INFO: Completed initialization
Apr 03, 2024 11:40:35 AM org.eclipse.jetty.server.Server doStart
INFO: jetty-10.0.20; built: 2024-01-29T20:46:45.278Z; git: 3a745c71c23682146f262b99f4ddc4c1bc41630c; jvm 17.0.9+9
Apr 03, 2024 11:40:35 AM org.eclipse.jetty.server.session.DefaultSessionIdManager doStart
INFO: Session workerName=node0
Apr 03, 2024 11:40:35 AM org.eclipse.jetty.server.handler.ContextHandler doStart
INFO: Started o.e.j.s.ServletContextHandler@1d1cbd0f{/,null,AVAILABLE}
Apr 03, 2024 11:40:35 AM org.eclipse.jetty.server.AbstractConnector doStart
INFO: Started ServerConnector@3af7d855{HTTP/1.1, (http/1.1)}{0.0.0.0:53625}
Apr 03, 2024 11:40:35 AM org.eclipse.jetty.server.Server doStart
INFO: Started Server@f88bfbe{STARTING}[10.0.20,sto=0] @6038ms
]]></system-err>
  </testcase>
  <testcase name="testCliSanity" classname="InjectedTest" time="0.013"/>
  <testcase name="testPluginActive" classname="InjectedTest" time="0.001"/>
  <testcase name="" classname="org.jvnet.hudson.test.junit.FailedTest" time="0.0">
    <system-err><![CDATA[Apr 03, 2024 11:40:36 AM org.eclipse.jetty.server.Server doStop
INFO: Stopped Server@52a70627{STOPPING}[10.0.20,sto=0]
Apr 03, 2024 11:40:36 AM org.eclipse.jetty.server.AbstractConnector doStop
INFO: Stopped ServerConnector@325bb9a6{HTTP/1.1, (http/1.1)}{localhost:0}
Apr 03, 2024 11:40:36 AM org.eclipse.jetty.server.handler.ContextHandler doStop
INFO: Stopped o.e.j.w.WebAppContext@41fed14f{Jenkins v2.414.3,/,file:///Users/matt/jenkins/jenkins-plugins/target/jenkins-for-test/,STOPPED}{/Users/matt/jenkins/jenkins-plugins/target/jenkins-for-test}
Apr 03, 2024 11:40:36 AM hudson.lifecycle.Lifecycle onStatusUpdate
INFO: Stopping Jenkins
Apr 03, 2024 11:40:41 AM hudson.lifecycle.Lifecycle onStatusUpdate
INFO: Jenkins stopped
Apr 03, 2024 11:40:41 AM org.jvnet.hudson.test.TemporaryDirectoryAllocator dispose
INFO: deleting /Users/matt/jenkins/jenkins-plugins/target/tmp/j h235382240541674445
]]></system-err>
  </testcase>
</testsuite>